PDFReader/build/outputs/logs/manifest-merger-debug-report.txt
-- Merging decision tree log ---
manifest
ADDED from src/main/AndroidManifest.xml:2:1-68:12
INJECTED from src/main/AndroidManifest.xml:2:1-68:12
INJECTED from src/main/AndroidManifest.xml:2:1-68:12
INJECTED from src/main/AndroidManifest.xml:2:1-68:12
MERGED from [:ViewLib] AndroidManifest.xml:2:1-12:12
MERGED from [com.github.gcacace:signature-pad:1.2.1] AndroidManifest.xml:2:1-13:12
MERGED from [com.android.databinding:adapters:1.2.1] AndroidManifest.xml:17:1-26:12
MERGED from [com.android.databinding:library:1.2.1] AndroidManifest.xml:17:1-26:12
MERGED from [com.android.support:support-v4:27.1.1] AndroidManifest.xml:17:1-22:12
MERGED from [com.android.support:support-media-compat:27.1.1] AndroidManifest.xml:17:1-22:12
MERGED from [com.android.support:support-fragment:27.1.1] AndroidManifest.xml:17:1-22:12
MERGED from [com.android.support:support-core-ui:27.1.1] AndroidManifest.xml:17:1-22:12
MERGED from [com.android.support:support-core-utils:27.1.1] AndroidManifest.xml:17:1-22:12
MERGED from [com.android.support:support-compat:27.1.1] AndroidManifest.xml:17:1-22:12
MERGED from [android.arch.lifecycle:runtime:1.1.0] AndroidManifest.xml:17:1-22:12
MERGED from [android.arch.lifecycle:livedata-core:1.1.0] AndroidManifest.xml:17:1-22:12
MERGED from [android.arch.lifecycle:viewmodel:1.1.0] AndroidManifest.xml:17:1-22:12
MERGED from [android.arch.core:runtime:1.1.0] AndroidManifest.xml:17:1-22:12
INJECTED from src/main/AndroidManifest.xml:2:1-68:12
INJECTED from src/main/AndroidManifest.xml:2:1-68:12
INJECTED from src/main/AndroidManifest.xml:2:1-68:12
	package
		ADDED from src/main/AndroidManifest.xml:3:5-32
		INJECTED from src/main/AndroidManifest.xml
		INJECTED from src/main/AndroidManifest.xml
	android:versionName
		ADDED from src/main/AndroidManifest.xml:5:5-30
		INJECTED from src/main/AndroidManifest.xml
		INJECTED from src/main/AndroidManifest.xml
	xmlns:android
		ADDED from src/main/AndroidManifest.xml:2:11-69
	android:versionCode
		ADDED from src/main/AndroidManifest.xml:4:5-28
		INJECTED from src/main/AndroidManifest.xml
		INJECTED from src/main/AndroidManifest.xml
uses-permission#android.permission.WRITE_EXTERNAL_STORAGE
ADDED from src/main/AndroidManifest.xml:7:5-81
	android:name
		ADDED from src/main/AndroidManifest.xml:7:22-78
uses-permission#android.permission.READ_EXTERNAL_STORAGE
ADDED from src/main/AndroidManifest.xml:8:5-79
	android:name
		ADDED from src/main/AndroidManifest.xml:8:22-77
supports-screens
ADDED from src/main/AndroidManifest.xml:10:5-16:40
	android:largeScreens
		ADDED from src/main/AndroidManifest.xml:12:9-36
	android:smallScreens
		ADDED from src/main/AndroidManifest.xml:15:9-36
	android:normalScreens
		ADDED from src/main/AndroidManifest.xml:13:9-37
	android:xlargeScreens
		ADDED from src/main/AndroidManifest.xml:16:9-37
	android:resizeable
		ADDED from src/main/AndroidManifest.xml:14:9-34
	android:anyDensity
		ADDED from src/main/AndroidManifest.xml:11:9-34
application
ADDED from src/main/AndroidManifest.xml:18:5-66:19
MERGED from [:ViewLib] AndroidManifest.xml:9:5-10:19
MERGED from [:ViewLib] AndroidManifest.xml:9:5-10:19
MERGED from [com.github.gcacace:signature-pad:1.2.1] AndroidManifest.xml:11:5-20
MERGED from [com.github.gcacace:signature-pad:1.2.1] AndroidManifest.xml:11:5-20
	android:label
		ADDED from src/main/AndroidManifest.xml:20:9-41
	android:allowBackup
		ADDED from [:ViewLib] AndroidManifest.xml:9:18-44
	android:icon
		ADDED from src/main/AndroidManifest.xml:19:9-45
activity#com.radaee.reader.PDFReaderAct
ADDED from src/main/AndroidManifest.xml:21:9-29:20
	android:label
		ADDED from src/main/AndroidManifest.xml:24:13-45
	android:configChanges
		ADDED from src/main/AndroidManifest.xml:23:13-74
	android:name
		ADDED from src/main/AndroidManifest.xml:22:13-41
intent-filter#action:name:android.intent.action.MAIN+category:name:android.intent.category.LAUNCHER
ADDED from src/main/AndroidManifest.xml:25:13-28:29
action#android.intent.action.MAIN
ADDED from src/main/AndroidManifest.xml:26:17-69
	android:name
		ADDED from src/main/AndroidManifest.xml:26:25-66
category#android.intent.category.LAUNCHER
ADDED from src/main/AndroidManifest.xml:27:17-77
	android:name
		ADDED from src/main/AndroidManifest.xml:27:27-74
activity#com.radaee.reader.PDFTestAct
ADDED from src/main/AndroidManifest.xml:30:9-34:20
	android:label
		ADDED from src/main/AndroidManifest.xml:33:13-45
	android:configChanges
		ADDED from src/main/AndroidManifest.xml:32:13-74
	android:name
		ADDED from src/main/AndroidManifest.xml:31:13-39
activity#com.radaee.reader.PDFSurfaceViewAct
ADDED from src/main/AndroidManifest.xml:35:9-39:20
	android:label
		ADDED from src/main/AndroidManifest.xml:38:13-45
	android:configChanges
		ADDED from src/main/AndroidManifest.xml:37:13-74
	android:name
		ADDED from src/main/AndroidManifest.xml:36:13-46
activity#com.radaee.reader.PDFSimpleAct
ADDED from src/main/AndroidManifest.xml:40:9-44:20
	android:label
		ADDED from src/main/AndroidManifest.xml:43:13-45
	android:configChanges
		ADDED from src/main/AndroidManifest.xml:42:13-74
	android:name
		ADDED from src/main/AndroidManifest.xml:41:13-41
activity#com.radaee.reader.PDFNavAct
ADDED from src/main/AndroidManifest.xml:45:9-49:20
	android:label
		ADDED from src/main/AndroidManifest.xml:48:13-45
	android:configChanges
		ADDED from src/main/AndroidManifest.xml:47:13-74
	android:name
		ADDED from src/main/AndroidManifest.xml:46:13-38
activity#com.radaee.reader.PDFViewAct
ADDED from src/main/AndroidManifest.xml:50:9-54:20
	android:configChanges
		ADDED from src/main/AndroidManifest.xml:52:13-74
	android:theme
		ADDED from src/main/AndroidManifest.xml:53:13-60
	android:name
		ADDED from src/main/AndroidManifest.xml:51:13-39
activity#com.radaee.reader.PDFJSTestAct
ADDED from src/main/AndroidManifest.xml:55:9-59:20
	android:label
		ADDED from src/main/AndroidManifest.xml:58:13-45
	android:configChanges
		ADDED from src/main/AndroidManifest.xml:57:13-74
	android:name
		ADDED from src/main/AndroidManifest.xml:56:13-41
activity#com.radaee.util.PopupEditAct
ADDED from src/main/AndroidManifest.xml:60:9-65:20
	android:label
		ADDED from src/main/AndroidManifest.xml:64:13-60
	android:configChanges
		ADDED from src/main/AndroidManifest.xml:62:13-74
	android:theme
		ADDED from src/main/AndroidManifest.xml:63:13-61
	android:name
		ADDED from src/main/AndroidManifest.xml:61:13-56
uses-sdk
INJECTED from src/main/AndroidManifest.xml reason: use-sdk injection requested
INJECTED from src/main/AndroidManifest.xml
MERGED from [:ViewLib] AndroidManifest.xml:7:5-44
MERGED from [:ViewLib] AndroidManifest.xml:7:5-44
MERGED from [com.github.gcacace:signature-pad:1.2.1] AndroidManifest.xml:7:5-9:41
MERGED from [com.github.gcacace:signature-pad:1.2.1] AndroidManifest.xml:7:5-9:41
MERGED from [com.android.databinding:adapters:1.2.1] AndroidManifest.xml:22:5-24:41
MERGED from [com.android.databinding:adapters:1.2.1] AndroidManifest.xml:22:5-24:41
MERGED from [com.android.databinding:library:1.2.1] AndroidManifest.xml:22:5-24:41
MERGED from [com.android.databinding:library:1.2.1] AndroidManifest.xml:22:5-24:41
MERGED from [com.android.support:support-v4:27.1.1] AndroidManifest.xml:20:5-44
MERGED from [com.android.support:support-v4:27.1.1] AndroidManifest.xml:20:5-44
MERGED from [com.android.support:support-media-compat:27.1.1] AndroidManifest.xml:20:5-44
MERGED from [com.android.support:support-media-compat:27.1.1] AndroidManifest.xml:20:5-44
MERGED from [com.android.support:support-fragment:27.1.1] AndroidManifest.xml:20:5-44
MERGED from [com.android.support:support-fragment:27.1.1] AndroidManifest.xml:20:5-44
MERGED from [com.android.support:support-core-ui:27.1.1] AndroidManifest.xml:20:5-44
MERGED from [com.android.support:support-core-ui:27.1.1] AndroidManifest.xml:20:5-44
MERGED from [com.android.support:support-core-utils:27.1.1] AndroidManifest.xml:20:5-44
MERGED from [com.android.support:support-core-utils:27.1.1] AndroidManifest.xml:20:5-44
MERGED from [com.android.support:support-compat:27.1.1] AndroidManifest.xml:20:5-44
MERGED from [com.android.support:support-compat:27.1.1] AndroidManifest.xml:20:5-44
MERGED from [android.arch.lifecycle:runtime:1.1.0] AndroidManifest.xml:20:5-44
MERGED from [android.arch.lifecycle:runtime:1.1.0] AndroidManifest.xml:20:5-44
MERGED from [android.arch.lifecycle:livedata-core:1.1.0] AndroidManifest.xml:20:5-44
MERGED from [android.arch.lifecycle:livedata-core:1.1.0] AndroidManifest.xml:20:5-44
MERGED from [android.arch.lifecycle:viewmodel:1.1.0] AndroidManifest.xml:20:5-44
MERGED from [android.arch.lifecycle:viewmodel:1.1.0] AndroidManifest.xml:20:5-44
MERGED from [android.arch.core:runtime:1.1.0] AndroidManifest.xml:20:5-44
MERGED from [android.arch.core:runtime:1.1.0] AndroidManifest.xml:20:5-44
INJECTED from src/main/AndroidManifest.xml
	android:targetSdkVersion
		ADDED from [com.github.gcacace:signature-pad:1.2.1] AndroidManifest.xml:9:9-38
	android:minSdkVersion
		INJECTED from src/main/AndroidManifest.xml
		ADDED from src/main/AndroidManifest.xml
		INJECTED from src/main/AndroidManifest.xml